<?xml version="1.0" encoding="UTF-8"?>
<coverage generated="1761204849923" clover="3.2.0">
  <project timestamp="1761204849923" name="All files">
    <metrics statements="104" coveredstatements="51" conditionals="27" coveredconditionals="11" methods="19" coveredmethods="11" elements="150" coveredelements="73" complexity="0" loc="104" ncloc="104" packages="1" files="2" classes="2"/>
    <file name="game.ts" path="C:\Users\yoel_\source\repos\TicTakToe\backend\src\game.ts">
      <metrics statements="52" coveredstatements="51" conditionals="16" coveredconditionals="11" methods="11" coveredmethods="11"/>
      <line num="17" count="1" type="stmt"/>
      <line num="18" count="3" type="stmt"/>
      <line num="19" count="81" type="stmt"/>
      <line num="23" count="1" type="stmt"/>
      <line num="24" count="2" type="stmt"/>
      <line num="33" count="1" type="stmt"/>
      <line num="34" count="2" type="stmt"/>
      <line num="37" count="2" type="stmt"/>
      <line num="38" count="6" type="stmt"/>
      <line num="39" count="18" type="stmt"/>
      <line num="45" count="6" type="stmt"/>
      <line num="46" count="18" type="stmt"/>
      <line num="55" count="2" type="stmt"/>
      <line num="56" count="6" type="stmt"/>
      <line num="57" count="18" type="stmt"/>
      <line num="66" count="2" type="stmt"/>
      <line num="67" count="6" type="stmt"/>
      <line num="68" count="6" type="stmt"/>
      <line num="70" count="2" type="stmt"/>
      <line num="71" count="6" type="stmt"/>
      <line num="72" count="6" type="stmt"/>
      <line num="74" count="2" type="stmt"/>
      <line num="75" count="6" type="stmt"/>
      <line num="76" count="6" type="stmt"/>
      <line num="80" count="2" type="stmt"/>
      <line num="81" count="2" type="stmt"/>
      <line num="82" count="2" type="stmt"/>
      <line num="83" count="2" type="stmt"/>
      <line num="85" count="2" type="stmt"/>
      <line num="88" count="1" type="stmt"/>
      <line num="90" count="1" type="stmt"/>
      <line num="91" count="6" type="stmt"/>
      <line num="92" count="270" type="stmt"/>
      <line num="93" count="270" type="stmt"/>
      <line num="94" count="270" type="stmt"/>
      <line num="95" count="270" type="stmt"/>
      <line num="96" count="270" type="cond" truecount="4" falsecount="0"/>
      <line num="98" count="8" type="stmt"/>
      <line num="99" count="4" type="cond" truecount="0" falsecount="1"/>
      <line num="100" count="4" type="stmt"/>
      <line num="103" count="1" type="stmt"/>
      <line num="104" count="5" type="cond" truecount="0" falsecount="1"/>
      <line num="105" count="5" type="cond" truecount="0" falsecount="1"/>
      <line num="106" count="5" type="stmt"/>
      <line num="107" count="5" type="cond" truecount="3" falsecount="1"/>
      <line num="108" count="0" type="stmt"/>
      <line num="110" count="5" type="cond" truecount="0" falsecount="1"/>
      <line num="111" count="5" type="stmt"/>
      <line num="112" count="5" type="stmt"/>
      <line num="113" count="5" type="cond" truecount="2" falsecount="0"/>
      <line num="114" count="4" type="cond" truecount="2" falsecount="0"/>
      <line num="115" count="5" type="stmt"/>
    </file>
    <file name="index.ts" path="C:\Users\yoel_\source\repos\TicTakToe\backend\src\index.ts">
      <metrics statements="52" coveredstatements="0" conditionals="11" coveredconditionals="0" methods="8" coveredmethods="0"/>
      <line num="1" count="0" type="stmt"/>
      <line num="2" count="0" type="stmt"/>
      <line num="3" count="0" type="stmt"/>
      <line num="4" count="0" type="stmt"/>
      <line num="5" count="0" type="stmt"/>
      <line num="7" count="0" type="stmt"/>
      <line num="8" count="0" type="stmt"/>
      <line num="10" count="0" type="stmt"/>
      <line num="11" count="0" type="stmt"/>
      <line num="13" count="0" type="stmt"/>
      <line num="14" count="0" type="stmt"/>
      <line num="16" count="0" type="stmt"/>
      <line num="17" count="0" type="stmt"/>
      <line num="18" count="0" type="stmt"/>
      <line num="19" count="0" type="stmt"/>
      <line num="20" count="0" type="stmt"/>
      <line num="21" count="0" type="stmt"/>
      <line num="24" count="0" type="stmt"/>
      <line num="25" count="0" type="stmt"/>
      <line num="26" count="0" type="stmt"/>
      <line num="27" count="0" type="cond" truecount="0" falsecount="1"/>
      <line num="28" count="0" type="stmt"/>
      <line num="31" count="0" type="stmt"/>
      <line num="32" count="0" type="stmt"/>
      <line num="33" count="0" type="stmt"/>
      <line num="34" count="0" type="stmt"/>
      <line num="35" count="0" type="cond" truecount="0" falsecount="1"/>
      <line num="36" count="0" type="stmt"/>
      <line num="37" count="0" type="cond" truecount="0" falsecount="1"/>
      <line num="39" count="0" type="stmt"/>
      <line num="40" count="0" type="stmt"/>
      <line num="41" count="0" type="stmt"/>
      <line num="42" count="0" type="stmt"/>
      <line num="44" count="0" type="stmt"/>
      <line num="47" count="0" type="stmt"/>
      <line num="48" count="0" type="stmt"/>
      <line num="49" count="0" type="stmt"/>
      <line num="50" count="0" type="cond" truecount="0" falsecount="1"/>
      <line num="51" count="0" type="stmt"/>
      <line num="54" count="0" type="stmt"/>
      <line num="55" count="0" type="cond" truecount="0" falsecount="2"/>
      <line num="56" count="0" type="stmt"/>
      <line num="57" count="0" type="stmt"/>
      <line num="58" count="0" type="cond" truecount="0" falsecount="1"/>
      <line num="59" count="0" type="stmt"/>
      <line num="60" count="0" type="cond" truecount="0" falsecount="1"/>
      <line num="61" count="0" type="stmt"/>
      <line num="62" count="0" type="stmt"/>
      <line num="65" count="0" type="cond" truecount="0" falsecount="2"/>
      <line num="66" count="0" type="cond" truecount="0" falsecount="1"/>
      <line num="67" count="0" type="stmt"/>
      <line num="70" count="0" type="stmt"/>
    </file>
  </project>
</coverage>
