TN:
SF:backend\src\game.ts
FN:17,createEmptyBoard
FN:18,(anonymous_1)
FN:19,(anonymous_2)
FN:19,(anonymous_3)
FN:23,createGame
FN:33,generateWinningLines
FN:90,checkWinner
FN:98,(anonymous_7)
FN:98,(anonymous_8)
FN:98,(anonymous_9)
FN:103,makeMove
FNF:11
FNH:11
FNDA:3,createEmptyBoard
FNDA:9,(anonymous_1)
FNDA:27,(anonymous_2)
FNDA:81,(anonymous_3)
FNDA:2,createGame
FNDA:2,generateWinningLines
FNDA:6,checkWinner
FNDA:4,(anonymous_7)
FNDA:4,(anonymous_8)
FNDA:8,(anonymous_9)
FNDA:5,makeMove
DA:17,1
DA:18,3
DA:19,81
DA:23,1
DA:24,2
DA:33,1
DA:34,2
DA:37,2
DA:38,6
DA:39,18
DA:45,6
DA:46,18
DA:55,2
DA:56,6
DA:57,18
DA:66,2
DA:67,6
DA:68,6
DA:70,2
DA:71,6
DA:72,6
DA:74,2
DA:75,6
DA:76,6
DA:80,2
DA:81,2
DA:82,2
DA:83,2
DA:85,2
DA:88,1
DA:90,1
DA:91,6
DA:92,270
DA:93,270
DA:94,270
DA:95,270
DA:96,270
DA:98,8
DA:99,4
DA:100,4
DA:103,1
DA:104,5
DA:105,5
DA:106,5
DA:107,5
DA:108,0
DA:110,5
DA:111,5
DA:112,5
DA:113,5
DA:114,4
DA:115,5
LF:52
LH:51
BRDA:96,0,0,2
BRDA:96,1,0,270
BRDA:96,1,1,84
BRDA:96,1,2,4
BRDA:99,2,0,0
BRDA:104,3,0,0
BRDA:105,4,0,0
BRDA:107,5,0,0
BRDA:107,6,0,5
BRDA:107,6,1,5
BRDA:107,6,2,5
BRDA:110,7,0,0
BRDA:113,8,0,1
BRDA:113,8,1,4
BRDA:114,9,0,2
BRDA:114,9,1,2
BRF:16
BRH:11
end_of_record
TN:
SF:backend\src\index.ts
FN:16,(anonymous_1)
FN:24,(anonymous_2)
FN:31,(anonymous_3)
FN:41,(anonymous_4)
FN:47,(anonymous_5)
FN:54,(anonymous_6)
FN:62,(anonymous_7)
FN:67,(anonymous_8)
FNF:8
FNH:0
FNDA:0,(anonymous_1)
FNDA:0,(anonymous_2)
FNDA:0,(anonymous_3)
FNDA:0,(anonymous_4)
FNDA:0,(anonymous_5)
FNDA:0,(anonymous_6)
FNDA:0,(anonymous_7)
FNDA:0,(anonymous_8)
DA:1,0
DA:2,0
DA:3,0
DA:4,0
DA:5,0
DA:7,0
DA:8,0
DA:10,0
DA:11,0
DA:13,0
DA:14,0
DA:16,0
DA:17,0
DA:18,0
DA:19,0
DA:20,0
DA:21,0
DA:24,0
DA:25,0
DA:26,0
DA:27,0
DA:28,0
DA:31,0
DA:32,0
DA:33,0
DA:34,0
DA:35,0
DA:36,0
DA:37,0
DA:39,0
DA:40,0
DA:41,0
DA:42,0
DA:44,0
DA:47,0
DA:48,0
DA:49,0
DA:50,0
DA:51,0
DA:54,0
DA:55,0
DA:56,0
DA:57,0
DA:58,0
DA:59,0
DA:60,0
DA:61,0
DA:62,0
DA:65,0
DA:66,0
DA:67,0
DA:70,0
LF:52
LH:0
BRDA:27,0,0,0
BRDA:35,1,0,0
BRDA:37,2,0,0
BRDA:50,3,0,0
BRDA:55,4,0,0
BRDA:55,4,1,0
BRDA:58,5,0,0
BRDA:60,6,0,0
BRDA:65,7,0,0
BRDA:65,7,1,0
BRDA:66,8,0,0
BRF:11
BRH:0
end_of_record
